INFO - 2024-04-03 08:55:50 --> Session: Class initialized using 'CodeIgniter\Session\Handlers\FileHandler' driver.
INFO - 2024-04-03 08:55:53 --> Session: Class initialized using 'CodeIgniter\Session\Handlers\FileHandler' driver.
INFO - 2024-04-03 08:55:58 --> Session: Class initialized using 'CodeIgniter\Session\Handlers\FileHandler' driver.
INFO - 2024-04-03 08:55:58 --> Session: Class initialized using 'CodeIgniter\Session\Handlers\FileHandler' driver.
INFO - 2024-04-03 08:56:04 --> Session: Class initialized using 'CodeIgniter\Session\Handlers\FileHandler' driver.
INFO - 2024-04-03 08:56:04 --> Session: Class initialized using 'CodeIgniter\Session\Handlers\FileHandler' driver.
INFO - 2024-04-03 08:56:06 --> Session: Class initialized using 'CodeIgniter\Session\Handlers\FileHandler' driver.
INFO - 2024-04-03 08:56:10 --> Session: Class initialized using 'CodeIgniter\Session\Handlers\FileHandler' driver.
INFO - 2024-04-03 08:56:11 --> Session: Class initialized using 'CodeIgniter\Session\Handlers\FileHandler' driver.
INFO - 2024-04-03 08:56:21 --> Session: Class initialized using 'CodeIgniter\Session\Handlers\FileHandler' driver.
INFO - 2024-04-03 08:56:23 --> Session: Class initialized using 'CodeIgniter\Session\Handlers\FileHandler' driver.
INFO - 2024-04-03 08:56:25 --> Session: Class initialized using 'CodeIgniter\Session\Handlers\FileHandler' driver.
CRITICAL - 2024-04-03 09:00:28 --> ErrorException: Cannot use App\Models\TiketModel as TiketModel because the name is already in use
in APPPATH/Controllers/Dashboard/Pembeli.php on line 9.
 1 [internal function]: CodeIgniter\Debug\Exceptions->shutdownHandler()
INFO - 2024-04-03 09:00:37 --> Session: Class initialized using 'CodeIgniter\Session\Handlers\FileHandler' driver.
ERROR - 2024-04-03 09:00:37 --> mysqli_sql_exception: Column 'user_id' in where clause is ambiguous in /Applications/AMPPS/www/tiket/system/Database/MySQLi/Connection.php:306
Stack trace:
#0 /Applications/AMPPS/www/tiket/system/Database/MySQLi/Connection.php(306): mysqli->query('SELECT *\nFROM `...', 0)
#1 /Applications/AMPPS/www/tiket/system/Database/BaseConnection.php(693): CodeIgniter\Database\MySQLi\Connection->execute('SELECT *\nFROM `...')
#2 /Applications/AMPPS/www/tiket/system/Database/BaseConnection.php(607): CodeIgniter\Database\BaseConnection->simpleQuery('SELECT *\nFROM `...')
#3 /Applications/AMPPS/www/tiket/system/Database/BaseBuilder.php(1616): CodeIgniter\Database\BaseConnection->query('SELECT *\nFROM `...', Array, false)
#4 /Applications/AMPPS/www/tiket/system/Model.php(872): CodeIgniter\Database\BaseBuilder->get()
#5 /Applications/AMPPS/www/tiket/app/Models/PembelianModel.php(16): CodeIgniter\Model->__call('get', Array)
#6 /Applications/AMPPS/www/tiket/app/Controllers/Dashboard/Pembeli.php(45): App\Models\PembelianModel->list_by_pembeli('2')
#7 /Applications/AMPPS/www/tiket/system/CodeIgniter.php(941): App\Controllers\Dashboard\Pembeli->tiket()
#8 /Applications/AMPPS/www/tiket/system/CodeIgniter.php(502): CodeIgniter\CodeIgniter->runController(Object(App\Controllers\Dashboard\Pembeli))
#9 /Applications/AMPPS/www/tiket/system/CodeIgniter.php(361): CodeIgniter\CodeIgniter->handleRequest(NULL, Object(Config\Cache), false)
#10 /Applications/AMPPS/www/tiket/public/index.php(79): CodeIgniter\CodeIgniter->run()
#11 {main}
CRITICAL - 2024-04-03 09:00:37 --> CodeIgniter\Database\Exceptions\DatabaseException: Column 'user_id' in where clause is ambiguous
in SYSTEMPATH/Database/BaseConnection.php on line 647.
 1 SYSTEMPATH/Database/BaseBuilder.php(1616): CodeIgniter\Database\BaseConnection->query('SELECT *
FROM `tb_pembelian`
JOIN `tb_event` ON `tb_event`.`event_id` = `tb_pembelian`.`event_id`
WHERE `user_id` = :user_id:', [...], false)
 2 SYSTEMPATH/Model.php(872): CodeIgniter\Database\BaseBuilder->get()
 3 APPPATH/Models/PembelianModel.php(16): CodeIgniter\Model->__call('get', [])
 4 APPPATH/Controllers/Dashboard/Pembeli.php(45): App\Models\PembelianModel->list_by_pembeli('2')
 5 SYSTEMPATH/CodeIgniter.php(941): App\Controllers\Dashboard\Pembeli->tiket()
 6 SYSTEMPATH/CodeIgniter.php(502): CodeIgniter\CodeIgniter->runController(Object(App\Controllers\Dashboard\Pembeli))
 7 SYSTEMPATH/CodeIgniter.php(361): CodeIgniter\CodeIgniter->handleRequest(null, Object(Config\Cache), false)
 8 FCPATH/index.php(79): CodeIgniter\CodeIgniter->run()
CRITICAL - 2024-04-03 09:00:37 --> [Caused by] CodeIgniter\Database\Exceptions\DatabaseException: Column 'user_id' in where clause is ambiguous
in SYSTEMPATH/Database/MySQLi/Connection.php on line 311.
 1 SYSTEMPATH/Database/BaseConnection.php(693): CodeIgniter\Database\MySQLi\Connection->execute('SELECT *
FROM `tb_pembelian`
JOIN `tb_event` ON `tb_event`.`event_id` = `tb_pembelian`.`event_id`
WHERE `user_id` = \'2\'')
 2 SYSTEMPATH/Database/BaseConnection.php(607): CodeIgniter\Database\BaseConnection->simpleQuery('SELECT *
FROM `tb_pembelian`
JOIN `tb_event` ON `tb_event`.`event_id` = `tb_pembelian`.`event_id`
WHERE `user_id` = \'2\'')
 3 SYSTEMPATH/Database/BaseBuilder.php(1616): CodeIgniter\Database\BaseConnection->query('SELECT *
FROM `tb_pembelian`
JOIN `tb_event` ON `tb_event`.`event_id` = `tb_pembelian`.`event_id`
WHERE `user_id` = :user_id:', [...], false)
 4 SYSTEMPATH/Model.php(872): CodeIgniter\Database\BaseBuilder->get()
 5 APPPATH/Models/PembelianModel.php(16): CodeIgniter\Model->__call('get', [])
 6 APPPATH/Controllers/Dashboard/Pembeli.php(45): App\Models\PembelianModel->list_by_pembeli('2')
 7 SYSTEMPATH/CodeIgniter.php(941): App\Controllers\Dashboard\Pembeli->tiket()
 8 SYSTEMPATH/CodeIgniter.php(502): CodeIgniter\CodeIgniter->runController(Object(App\Controllers\Dashboard\Pembeli))
 9 SYSTEMPATH/CodeIgniter.php(361): CodeIgniter\CodeIgniter->handleRequest(null, Object(Config\Cache), false)
10 FCPATH/index.php(79): CodeIgniter\CodeIgniter->run()
CRITICAL - 2024-04-03 09:00:37 --> [Caused by] mysqli_sql_exception: Column 'user_id' in where clause is ambiguous
in SYSTEMPATH/Database/MySQLi/Connection.php on line 306.
 1 SYSTEMPATH/Database/MySQLi/Connection.php(306): mysqli->query('SELECT *
FROM `tb_pembelian`
JOIN `tb_event` ON `tb_event`.`event_id` = `tb_pembelian`.`event_id`
WHERE `user_id` = \'2\'', 0)
 2 SYSTEMPATH/Database/BaseConnection.php(693): CodeIgniter\Database\MySQLi\Connection->execute('SELECT *
FROM `tb_pembelian`
JOIN `tb_event` ON `tb_event`.`event_id` = `tb_pembelian`.`event_id`
WHERE `user_id` = \'2\'')
 3 SYSTEMPATH/Database/BaseConnection.php(607): CodeIgniter\Database\BaseConnection->simpleQuery('SELECT *
FROM `tb_pembelian`
JOIN `tb_event` ON `tb_event`.`event_id` = `tb_pembelian`.`event_id`
WHERE `user_id` = \'2\'')
 4 SYSTEMPATH/Database/BaseBuilder.php(1616): CodeIgniter\Database\BaseConnection->query('SELECT *
FROM `tb_pembelian`
JOIN `tb_event` ON `tb_event`.`event_id` = `tb_pembelian`.`event_id`
WHERE `user_id` = :user_id:', [...], false)
 5 SYSTEMPATH/Model.php(872): CodeIgniter\Database\BaseBuilder->get()
 6 APPPATH/Models/PembelianModel.php(16): CodeIgniter\Model->__call('get', [])
 7 APPPATH/Controllers/Dashboard/Pembeli.php(45): App\Models\PembelianModel->list_by_pembeli('2')
 8 SYSTEMPATH/CodeIgniter.php(941): App\Controllers\Dashboard\Pembeli->tiket()
 9 SYSTEMPATH/CodeIgniter.php(502): CodeIgniter\CodeIgniter->runController(Object(App\Controllers\Dashboard\Pembeli))
10 SYSTEMPATH/CodeIgniter.php(361): CodeIgniter\CodeIgniter->handleRequest(null, Object(Config\Cache), false)
11 FCPATH/index.php(79): CodeIgniter\CodeIgniter->run()
INFO - 2024-04-03 09:01:16 --> Session: Class initialized using 'CodeIgniter\Session\Handlers\FileHandler' driver.
ERROR - 2024-04-03 09:01:16 --> mysqli_sql_exception: Unknown column 'left' in 'from clause' in /Applications/AMPPS/www/tiket/system/Database/MySQLi/Connection.php:306
Stack trace:
#0 /Applications/AMPPS/www/tiket/system/Database/MySQLi/Connection.php(306): mysqli->query('SELECT *\nFROM `...', 0)
#1 /Applications/AMPPS/www/tiket/system/Database/BaseConnection.php(693): CodeIgniter\Database\MySQLi\Connection->execute('SELECT *\nFROM `...')
#2 /Applications/AMPPS/www/tiket/system/Database/BaseConnection.php(607): CodeIgniter\Database\BaseConnection->simpleQuery('SELECT *\nFROM `...')
#3 /Applications/AMPPS/www/tiket/system/Database/BaseBuilder.php(1616): CodeIgniter\Database\BaseConnection->query('SELECT *\nFROM `...', Array, false)
#4 /Applications/AMPPS/www/tiket/system/Model.php(872): CodeIgniter\Database\BaseBuilder->get()
#5 /Applications/AMPPS/www/tiket/app/Models/PembelianModel.php(16): CodeIgniter\Model->__call('get', Array)
#6 /Applications/AMPPS/www/tiket/app/Controllers/Dashboard/Pembeli.php(45): App\Models\PembelianModel->list_by_pembeli('2')
#7 /Applications/AMPPS/www/tiket/system/CodeIgniter.php(941): App\Controllers\Dashboard\Pembeli->tiket()
#8 /Applications/AMPPS/www/tiket/system/CodeIgniter.php(502): CodeIgniter\CodeIgniter->runController(Object(App\Controllers\Dashboard\Pembeli))
#9 /Applications/AMPPS/www/tiket/system/CodeIgniter.php(361): CodeIgniter\CodeIgniter->handleRequest(NULL, Object(Config\Cache), false)
#10 /Applications/AMPPS/www/tiket/public/index.php(79): CodeIgniter\CodeIgniter->run()
#11 {main}
CRITICAL - 2024-04-03 09:01:16 --> CodeIgniter\Database\Exceptions\DatabaseException: Unknown column 'left' in 'from clause'
in SYSTEMPATH/Database/BaseConnection.php on line 647.
 1 SYSTEMPATH/Database/BaseBuilder.php(1616): CodeIgniter\Database\BaseConnection->query('SELECT *
FROM `tb_pembelian`
JOIN `tb_event` USING (`left`)
WHERE `user_id` = :user_id:', [...], false)
 2 SYSTEMPATH/Model.php(872): CodeIgniter\Database\BaseBuilder->get()
 3 APPPATH/Models/PembelianModel.php(16): CodeIgniter\Model->__call('get', [])
 4 APPPATH/Controllers/Dashboard/Pembeli.php(45): App\Models\PembelianModel->list_by_pembeli('2')
 5 SYSTEMPATH/CodeIgniter.php(941): App\Controllers\Dashboard\Pembeli->tiket()
 6 SYSTEMPATH/CodeIgniter.php(502): CodeIgniter\CodeIgniter->runController(Object(App\Controllers\Dashboard\Pembeli))
 7 SYSTEMPATH/CodeIgniter.php(361): CodeIgniter\CodeIgniter->handleRequest(null, Object(Config\Cache), false)
 8 FCPATH/index.php(79): CodeIgniter\CodeIgniter->run()
CRITICAL - 2024-04-03 09:01:16 --> [Caused by] CodeIgniter\Database\Exceptions\DatabaseException: Unknown column 'left' in 'from clause'
in SYSTEMPATH/Database/MySQLi/Connection.php on line 311.
 1 SYSTEMPATH/Database/BaseConnection.php(693): CodeIgniter\Database\MySQLi\Connection->execute('SELECT *
FROM `tb_pembelian`
JOIN `tb_event` USING (`left`)
WHERE `user_id` = \'2\'')
 2 SYSTEMPATH/Database/BaseConnection.php(607): CodeIgniter\Database\BaseConnection->simpleQuery('SELECT *
FROM `tb_pembelian`
JOIN `tb_event` USING (`left`)
WHERE `user_id` = \'2\'')
 3 SYSTEMPATH/Database/BaseBuilder.php(1616): CodeIgniter\Database\BaseConnection->query('SELECT *
FROM `tb_pembelian`
JOIN `tb_event` USING (`left`)
WHERE `user_id` = :user_id:', [...], false)
 4 SYSTEMPATH/Model.php(872): CodeIgniter\Database\BaseBuilder->get()
 5 APPPATH/Models/PembelianModel.php(16): CodeIgniter\Model->__call('get', [])
 6 APPPATH/Controllers/Dashboard/Pembeli.php(45): App\Models\PembelianModel->list_by_pembeli('2')
 7 SYSTEMPATH/CodeIgniter.php(941): App\Controllers\Dashboard\Pembeli->tiket()
 8 SYSTEMPATH/CodeIgniter.php(502): CodeIgniter\CodeIgniter->runController(Object(App\Controllers\Dashboard\Pembeli))
 9 SYSTEMPATH/CodeIgniter.php(361): CodeIgniter\CodeIgniter->handleRequest(null, Object(Config\Cache), false)
10 FCPATH/index.php(79): CodeIgniter\CodeIgniter->run()
CRITICAL - 2024-04-03 09:01:16 --> [Caused by] mysqli_sql_exception: Unknown column 'left' in 'from clause'
in SYSTEMPATH/Database/MySQLi/Connection.php on line 306.
 1 SYSTEMPATH/Database/MySQLi/Connection.php(306): mysqli->query('SELECT *
FROM `tb_pembelian`
JOIN `tb_event` USING (`left`)
WHERE `user_id` = \'2\'', 0)
 2 SYSTEMPATH/Database/BaseConnection.php(693): CodeIgniter\Database\MySQLi\Connection->execute('SELECT *
FROM `tb_pembelian`
JOIN `tb_event` USING (`left`)
WHERE `user_id` = \'2\'')
 3 SYSTEMPATH/Database/BaseConnection.php(607): CodeIgniter\Database\BaseConnection->simpleQuery('SELECT *
FROM `tb_pembelian`
JOIN `tb_event` USING (`left`)
WHERE `user_id` = \'2\'')
 4 SYSTEMPATH/Database/BaseBuilder.php(1616): CodeIgniter\Database\BaseConnection->query('SELECT *
FROM `tb_pembelian`
JOIN `tb_event` USING (`left`)
WHERE `user_id` = :user_id:', [...], false)
 5 SYSTEMPATH/Model.php(872): CodeIgniter\Database\BaseBuilder->get()
 6 APPPATH/Models/PembelianModel.php(16): CodeIgniter\Model->__call('get', [])
 7 APPPATH/Controllers/Dashboard/Pembeli.php(45): App\Models\PembelianModel->list_by_pembeli('2')
 8 SYSTEMPATH/CodeIgniter.php(941): App\Controllers\Dashboard\Pembeli->tiket()
 9 SYSTEMPATH/CodeIgniter.php(502): CodeIgniter\CodeIgniter->runController(Object(App\Controllers\Dashboard\Pembeli))
10 SYSTEMPATH/CodeIgniter.php(361): CodeIgniter\CodeIgniter->handleRequest(null, Object(Config\Cache), false)
11 FCPATH/index.php(79): CodeIgniter\CodeIgniter->run()
INFO - 2024-04-03 09:02:03 --> Session: Class initialized using 'CodeIgniter\Session\Handlers\FileHandler' driver.
ERROR - 2024-04-03 09:02:03 --> mysqli_sql_exception: Column 'user_id' in where clause is ambiguous in /Applications/AMPPS/www/tiket/system/Database/MySQLi/Connection.php:306
Stack trace:
#0 /Applications/AMPPS/www/tiket/system/Database/MySQLi/Connection.php(306): mysqli->query('SELECT *\nFROM `...', 0)
#1 /Applications/AMPPS/www/tiket/system/Database/BaseConnection.php(693): CodeIgniter\Database\MySQLi\Connection->execute('SELECT *\nFROM `...')
#2 /Applications/AMPPS/www/tiket/system/Database/BaseConnection.php(607): CodeIgniter\Database\BaseConnection->simpleQuery('SELECT *\nFROM `...')
#3 /Applications/AMPPS/www/tiket/system/Database/BaseBuilder.php(1616): CodeIgniter\Database\BaseConnection->query('SELECT *\nFROM `...', Array, false)
#4 /Applications/AMPPS/www/tiket/system/Model.php(872): CodeIgniter\Database\BaseBuilder->get()
#5 /Applications/AMPPS/www/tiket/app/Models/PembelianModel.php(16): CodeIgniter\Model->__call('get', Array)
#6 /Applications/AMPPS/www/tiket/app/Controllers/Dashboard/Pembeli.php(45): App\Models\PembelianModel->list_by_pembeli('2')
#7 /Applications/AMPPS/www/tiket/system/CodeIgniter.php(941): App\Controllers\Dashboard\Pembeli->tiket()
#8 /Applications/AMPPS/www/tiket/system/CodeIgniter.php(502): CodeIgniter\CodeIgniter->runController(Object(App\Controllers\Dashboard\Pembeli))
#9 /Applications/AMPPS/www/tiket/system/CodeIgniter.php(361): CodeIgniter\CodeIgniter->handleRequest(NULL, Object(Config\Cache), false)
#10 /Applications/AMPPS/www/tiket/public/index.php(79): CodeIgniter\CodeIgniter->run()
#11 {main}
CRITICAL - 2024-04-03 09:02:03 --> CodeIgniter\Database\Exceptions\DatabaseException: Column 'user_id' in where clause is ambiguous
in SYSTEMPATH/Database/BaseConnection.php on line 647.
 1 SYSTEMPATH/Database/BaseBuilder.php(1616): CodeIgniter\Database\BaseConnection->query('SELECT *
FROM `tb_pembelian`
LEFT JOIN `tb_event` ON `tb_event`.`event_id` = `tb_pembelian`.`event_id`
WHERE `user_id` = :user_id:', [...], false)
 2 SYSTEMPATH/Model.php(872): CodeIgniter\Database\BaseBuilder->get()
 3 APPPATH/Models/PembelianModel.php(16): CodeIgniter\Model->__call('get', [])
 4 APPPATH/Controllers/Dashboard/Pembeli.php(45): App\Models\PembelianModel->list_by_pembeli('2')
 5 SYSTEMPATH/CodeIgniter.php(941): App\Controllers\Dashboard\Pembeli->tiket()
 6 SYSTEMPATH/CodeIgniter.php(502): CodeIgniter\CodeIgniter->runController(Object(App\Controllers\Dashboard\Pembeli))
 7 SYSTEMPATH/CodeIgniter.php(361): CodeIgniter\CodeIgniter->handleRequest(null, Object(Config\Cache), false)
 8 FCPATH/index.php(79): CodeIgniter\CodeIgniter->run()
CRITICAL - 2024-04-03 09:02:03 --> [Caused by] CodeIgniter\Database\Exceptions\DatabaseException: Column 'user_id' in where clause is ambiguous
in SYSTEMPATH/Database/MySQLi/Connection.php on line 311.
 1 SYSTEMPATH/Database/BaseConnection.php(693): CodeIgniter\Database\MySQLi\Connection->execute('SELECT *
FROM `tb_pembelian`
LEFT JOIN `tb_event` ON `tb_event`.`event_id` = `tb_pembelian`.`event_id`
WHERE `user_id` = \'2\'')
 2 SYSTEMPATH/Database/BaseConnection.php(607): CodeIgniter\Database\BaseConnection->simpleQuery('SELECT *
FROM `tb_pembelian`
LEFT JOIN `tb_event` ON `tb_event`.`event_id` = `tb_pembelian`.`event_id`
WHERE `user_id` = \'2\'')
 3 SYSTEMPATH/Database/BaseBuilder.php(1616): CodeIgniter\Database\BaseConnection->query('SELECT *
FROM `tb_pembelian`
LEFT JOIN `tb_event` ON `tb_event`.`event_id` = `tb_pembelian`.`event_id`
WHERE `user_id` = :user_id:', [...], false)
 4 SYSTEMPATH/Model.php(872): CodeIgniter\Database\BaseBuilder->get()
 5 APPPATH/Models/PembelianModel.php(16): CodeIgniter\Model->__call('get', [])
 6 APPPATH/Controllers/Dashboard/Pembeli.php(45): App\Models\PembelianModel->list_by_pembeli('2')
 7 SYSTEMPATH/CodeIgniter.php(941): App\Controllers\Dashboard\Pembeli->tiket()
 8 SYSTEMPATH/CodeIgniter.php(502): CodeIgniter\CodeIgniter->runController(Object(App\Controllers\Dashboard\Pembeli))
 9 SYSTEMPATH/CodeIgniter.php(361): CodeIgniter\CodeIgniter->handleRequest(null, Object(Config\Cache), false)
10 FCPATH/index.php(79): CodeIgniter\CodeIgniter->run()
CRITICAL - 2024-04-03 09:02:03 --> [Caused by] mysqli_sql_exception: Column 'user_id' in where clause is ambiguous
in SYSTEMPATH/Database/MySQLi/Connection.php on line 306.
 1 SYSTEMPATH/Database/MySQLi/Connection.php(306): mysqli->query('SELECT *
FROM `tb_pembelian`
LEFT JOIN `tb_event` ON `tb_event`.`event_id` = `tb_pembelian`.`event_id`
WHERE `user_id` = \'2\'', 0)
 2 SYSTEMPATH/Database/BaseConnection.php(693): CodeIgniter\Database\MySQLi\Connection->execute('SELECT *
FROM `tb_pembelian`
LEFT JOIN `tb_event` ON `tb_event`.`event_id` = `tb_pembelian`.`event_id`
WHERE `user_id` = \'2\'')
 3 SYSTEMPATH/Database/BaseConnection.php(607): CodeIgniter\Database\BaseConnection->simpleQuery('SELECT *
FROM `tb_pembelian`
LEFT JOIN `tb_event` ON `tb_event`.`event_id` = `tb_pembelian`.`event_id`
WHERE `user_id` = \'2\'')
 4 SYSTEMPATH/Database/BaseBuilder.php(1616): CodeIgniter\Database\BaseConnection->query('SELECT *
FROM `tb_pembelian`
LEFT JOIN `tb_event` ON `tb_event`.`event_id` = `tb_pembelian`.`event_id`
WHERE `user_id` = :user_id:', [...], false)
 5 SYSTEMPATH/Model.php(872): CodeIgniter\Database\BaseBuilder->get()
 6 APPPATH/Models/PembelianModel.php(16): CodeIgniter\Model->__call('get', [])
 7 APPPATH/Controllers/Dashboard/Pembeli.php(45): App\Models\PembelianModel->list_by_pembeli('2')
 8 SYSTEMPATH/CodeIgniter.php(941): App\Controllers\Dashboard\Pembeli->tiket()
 9 SYSTEMPATH/CodeIgniter.php(502): CodeIgniter\CodeIgniter->runController(Object(App\Controllers\Dashboard\Pembeli))
10 SYSTEMPATH/CodeIgniter.php(361): CodeIgniter\CodeIgniter->handleRequest(null, Object(Config\Cache), false)
11 FCPATH/index.php(79): CodeIgniter\CodeIgniter->run()
INFO - 2024-04-03 09:02:55 --> Session: Class initialized using 'CodeIgniter\Session\Handlers\FileHandler' driver.
INFO - 2024-04-03 09:06:15 --> Session: Class initialized using 'CodeIgniter\Session\Handlers\FileHandler' driver.
INFO - 2024-04-03 09:06:29 --> Session: Class initialized using 'CodeIgniter\Session\Handlers\FileHandler' driver.
INFO - 2024-04-03 09:06:48 --> Session: Class initialized using 'CodeIgniter\Session\Handlers\FileHandler' driver.
CRITICAL - 2024-04-03 09:06:48 --> ErrorException: Undefined index: tb_pembelian.status
in APPPATH/Views/dashboard/tiket_pembeli.php on line 47.
 1 APPPATH/Views/dashboard/tiket_pembeli.php(47): CodeIgniter\Debug\Exceptions->errorHandler(8, 'Undefined index: tb_pembelian.status', '/Applications/AMPPS/www/tiket/app/Views/dashboard/tiket_pembeli.php', 47, [...])
 2 SYSTEMPATH/View/View.php(228): include('/Applications/AMPPS/www/tiket/app/Views/dashboard/tiket_pembeli.php')
 3 SYSTEMPATH/View/View.php(231): CodeIgniter\View\View->CodeIgniter\View\{closure}()
 4 SYSTEMPATH/Common.php(1178): CodeIgniter\View\View->render('dashboard/tiket_pembeli', [], true)
 5 APPPATH/Controllers/Dashboard/Pembeli.php(52): view('dashboard/tiket_pembeli', [...])
 6 SYSTEMPATH/CodeIgniter.php(941): App\Controllers\Dashboard\Pembeli->tiket()
 7 SYSTEMPATH/CodeIgniter.php(502): CodeIgniter\CodeIgniter->runController(Object(App\Controllers\Dashboard\Pembeli))
 8 SYSTEMPATH/CodeIgniter.php(361): CodeIgniter\CodeIgniter->handleRequest(null, Object(Config\Cache), false)
 9 FCPATH/index.php(79): CodeIgniter\CodeIgniter->run()
INFO - 2024-04-03 09:07:07 --> Session: Class initialized using 'CodeIgniter\Session\Handlers\FileHandler' driver.
INFO - 2024-04-03 09:08:08 --> Session: Class initialized using 'CodeIgniter\Session\Handlers\FileHandler' driver.
INFO - 2024-04-03 09:08:50 --> Session: Class initialized using 'CodeIgniter\Session\Handlers\FileHandler' driver.
INFO - 2024-04-03 09:09:07 --> Session: Class initialized using 'CodeIgniter\Session\Handlers\FileHandler' driver.
INFO - 2024-04-03 09:09:36 --> Session: Class initialized using 'CodeIgniter\Session\Handlers\FileHandler' driver.
INFO - 2024-04-03 09:09:42 --> Session: Class initialized using 'CodeIgniter\Session\Handlers\FileHandler' driver.
INFO - 2024-04-03 09:10:32 --> Session: Class initialized using 'CodeIgniter\Session\Handlers\FileHandler' driver.
INFO - 2024-04-03 09:11:08 --> Session: Class initialized using 'CodeIgniter\Session\Handlers\FileHandler' driver.
INFO - 2024-04-03 09:12:31 --> Session: Class initialized using 'CodeIgniter\Session\Handlers\FileHandler' driver.
INFO - 2024-04-03 09:12:38 --> Session: Class initialized using 'CodeIgniter\Session\Handlers\FileHandler' driver.
INFO - 2024-04-03 09:12:42 --> Session: Class initialized using 'CodeIgniter\Session\Handlers\FileHandler' driver.
INFO - 2024-04-03 09:12:44 --> Session: Class initialized using 'CodeIgniter\Session\Handlers\FileHandler' driver.
INFO - 2024-04-03 09:12:54 --> Session: Class initialized using 'CodeIgniter\Session\Handlers\FileHandler' driver.
INFO - 2024-04-03 09:15:57 --> Session: Class initialized using 'CodeIgniter\Session\Handlers\FileHandler' driver.
INFO - 2024-04-03 09:16:40 --> Session: Class initialized using 'CodeIgniter\Session\Handlers\FileHandler' driver.
INFO - 2024-04-03 09:18:37 --> Session: Class initialized using 'CodeIgniter\Session\Handlers\FileHandler' driver.
INFO - 2024-04-03 09:18:39 --> Session: Class initialized using 'CodeIgniter\Session\Handlers\FileHandler' driver.
CRITICAL - 2024-04-03 09:18:39 --> ErrorException: Undefined property: App\Controllers\Dashboard\Pembeli::$data_by_kode
in APPPATH/Controllers/Dashboard/Pembeli.php on line 57.
 1 APPPATH/Controllers/Dashboard/Pembeli.php(57): CodeIgniter\Debug\Exceptions->errorHandler(8, 'Undefined property: App\\Controllers\\Dashboard\\Pembeli::$data_by_kode', '/Applications/AMPPS/www/tiket/app/Controllers/Dashboard/Pembeli.php', 57, [...])
 2 SYSTEMPATH/CodeIgniter.php(941): App\Controllers\Dashboard\Pembeli->tiket_invoice('EB791C3B53C37D7D3A96')
 3 SYSTEMPATH/CodeIgniter.php(502): CodeIgniter\CodeIgniter->runController(Object(App\Controllers\Dashboard\Pembeli))
 4 SYSTEMPATH/CodeIgniter.php(361): CodeIgniter\CodeIgniter->handleRequest(null, Object(Config\Cache), false)
 5 FCPATH/index.php(79): CodeIgniter\CodeIgniter->run()
INFO - 2024-04-03 09:18:54 --> Session: Class initialized using 'CodeIgniter\Session\Handlers\FileHandler' driver.
INFO - 2024-04-03 09:18:55 --> Session: Class initialized using 'CodeIgniter\Session\Handlers\FileHandler' driver.
INFO - 2024-04-03 09:18:55 --> Session: Class initialized using 'CodeIgniter\Session\Handlers\FileHandler' driver.
INFO - 2024-04-03 09:18:55 --> Session: Class initialized using 'CodeIgniter\Session\Handlers\FileHandler' driver.
INFO - 2024-04-03 09:19:02 --> Session: Class initialized using 'CodeIgniter\Session\Handlers\FileHandler' driver.
INFO - 2024-04-03 09:19:19 --> Session: Class initialized using 'CodeIgniter\Session\Handlers\FileHandler' driver.
INFO - 2024-04-03 09:19:22 --> Session: Class initialized using 'CodeIgniter\Session\Handlers\FileHandler' driver.
INFO - 2024-04-03 09:19:22 --> Session: Class initialized using 'CodeIgniter\Session\Handlers\FileHandler' driver.
INFO - 2024-04-03 09:19:23 --> Session: Class initialized using 'CodeIgniter\Session\Handlers\FileHandler' driver.
INFO - 2024-04-03 09:19:23 --> Session: Class initialized using 'CodeIgniter\Session\Handlers\FileHandler' driver.
INFO - 2024-04-03 09:20:21 --> Session: Class initialized using 'CodeIgniter\Session\Handlers\FileHandler' driver.
CRITICAL - 2024-04-03 09:20:21 --> ErrorException: Undefined offset: 0
in APPPATH/Controllers/Dashboard/Pembeli.php on line 58.
 1 APPPATH/Controllers/Dashboard/Pembeli.php(58): CodeIgniter\Debug\Exceptions->errorHandler(8, 'Undefined offset: 0', '/Applications/AMPPS/www/tiket/app/Controllers/Dashboard/Pembeli.php', 58, [...])
 2 SYSTEMPATH/CodeIgniter.php(941): App\Controllers\Dashboard\Pembeli->tiket_invoice('EB791C3B53C37D7D3A96')
 3 SYSTEMPATH/CodeIgniter.php(502): CodeIgniter\CodeIgniter->runController(Object(App\Controllers\Dashboard\Pembeli))
 4 SYSTEMPATH/CodeIgniter.php(361): CodeIgniter\CodeIgniter->handleRequest(null, Object(Config\Cache), false)
 5 FCPATH/index.php(79): CodeIgniter\CodeIgniter->run()
INFO - 2024-04-03 09:20:31 --> Session: Class initialized using 'CodeIgniter\Session\Handlers\FileHandler' driver.
INFO - 2024-04-03 09:21:53 --> Session: Class initialized using 'CodeIgniter\Session\Handlers\FileHandler' driver.
INFO - 2024-04-03 09:21:53 --> Session: Class initialized using 'CodeIgniter\Session\Handlers\FileHandler' driver.
CRITICAL - 2024-04-03 09:21:53 --> ErrorException: Undefined offset: 0
in APPPATH/Controllers/Dashboard/Pembeli.php on line 58.
 1 APPPATH/Controllers/Dashboard/Pembeli.php(58): CodeIgniter\Debug\Exceptions->errorHandler(8, 'Undefined offset: 0', '/Applications/AMPPS/www/tiket/app/Controllers/Dashboard/Pembeli.php', 58, [...])
 2 SYSTEMPATH/CodeIgniter.php(941): App\Controllers\Dashboard\Pembeli->tiket_invoice('images', 'event-imgs', 'big-2.jpg')
 3 SYSTEMPATH/CodeIgniter.php(502): CodeIgniter\CodeIgniter->runController(Object(App\Controllers\Dashboard\Pembeli))
 4 SYSTEMPATH/CodeIgniter.php(361): CodeIgniter\CodeIgniter->handleRequest(null, Object(Config\Cache), false)
 5 FCPATH/index.php(79): CodeIgniter\CodeIgniter->run()
INFO - 2024-04-03 09:21:53 --> Session: Class initialized using 'CodeIgniter\Session\Handlers\FileHandler' driver.
CRITICAL - 2024-04-03 09:21:54 --> ErrorException: Undefined offset: 0
in APPPATH/Controllers/Dashboard/Pembeli.php on line 58.
 1 APPPATH/Controllers/Dashboard/Pembeli.php(58): CodeIgniter\Debug\Exceptions->errorHandler(8, 'Undefined offset: 0', '/Applications/AMPPS/www/tiket/app/Controllers/Dashboard/Pembeli.php', 58, [...])
 2 SYSTEMPATH/CodeIgniter.php(941): App\Controllers\Dashboard\Pembeli->tiket_invoice('images', 'qr.png')
 3 SYSTEMPATH/CodeIgniter.php(502): CodeIgniter\CodeIgniter->runController(Object(App\Controllers\Dashboard\Pembeli))
 4 SYSTEMPATH/CodeIgniter.php(361): CodeIgniter\CodeIgniter->handleRequest(null, Object(Config\Cache), false)
 5 FCPATH/index.php(79): CodeIgniter\CodeIgniter->run()
INFO - 2024-04-03 09:21:54 --> Session: Class initialized using 'CodeIgniter\Session\Handlers\FileHandler' driver.
CRITICAL - 2024-04-03 09:21:54 --> ErrorException: Undefined offset: 0
in APPPATH/Controllers/Dashboard/Pembeli.php on line 58.
 1 APPPATH/Controllers/Dashboard/Pembeli.php(58): CodeIgniter\Debug\Exceptions->errorHandler(8, 'Undefined offset: 0', '/Applications/AMPPS/www/tiket/app/Controllers/Dashboard/Pembeli.php', 58, [...])
 2 SYSTEMPATH/CodeIgniter.php(941): App\Controllers\Dashboard\Pembeli->tiket_invoice('images', 'fav.jpeg')
 3 SYSTEMPATH/CodeIgniter.php(502): CodeIgniter\CodeIgniter->runController(Object(App\Controllers\Dashboard\Pembeli))
 4 SYSTEMPATH/CodeIgniter.php(361): CodeIgniter\CodeIgniter->handleRequest(null, Object(Config\Cache), false)
 5 FCPATH/index.php(79): CodeIgniter\CodeIgniter->run()
INFO - 2024-04-03 09:22:29 --> Session: Class initialized using 'CodeIgniter\Session\Handlers\FileHandler' driver.
INFO - 2024-04-03 09:22:29 --> Session: Class initialized using 'CodeIgniter\Session\Handlers\FileHandler' driver.
CRITICAL - 2024-04-03 09:22:29 --> ErrorException: Undefined offset: 0
in APPPATH/Controllers/Dashboard/Pembeli.php on line 58.
 1 APPPATH/Controllers/Dashboard/Pembeli.php(58): CodeIgniter\Debug\Exceptions->errorHandler(8, 'Undefined offset: 0', '/Applications/AMPPS/www/tiket/app/Controllers/Dashboard/Pembeli.php', 58, [...])
 2 SYSTEMPATH/CodeIgniter.php(941): App\Controllers\Dashboard\Pembeli->tiket_invoice('images', 'qr.png')
 3 SYSTEMPATH/CodeIgniter.php(502): CodeIgniter\CodeIgniter->runController(Object(App\Controllers\Dashboard\Pembeli))
 4 SYSTEMPATH/CodeIgniter.php(361): CodeIgniter\CodeIgniter->handleRequest(null, Object(Config\Cache), false)
 5 FCPATH/index.php(79): CodeIgniter\CodeIgniter->run()
INFO - 2024-04-03 09:22:29 --> Session: Class initialized using 'CodeIgniter\Session\Handlers\FileHandler' driver.
CRITICAL - 2024-04-03 09:22:29 --> ErrorException: Undefined offset: 0
in APPPATH/Controllers/Dashboard/Pembeli.php on line 58.
 1 APPPATH/Controllers/Dashboard/Pembeli.php(58): CodeIgniter\Debug\Exceptions->errorHandler(8, 'Undefined offset: 0', '/Applications/AMPPS/www/tiket/app/Controllers/Dashboard/Pembeli.php', 58, [...])
 2 SYSTEMPATH/CodeIgniter.php(941): App\Controllers\Dashboard\Pembeli->tiket_invoice('images', 'event-imgs', 'big-2.jpg')
 3 SYSTEMPATH/CodeIgniter.php(502): CodeIgniter\CodeIgniter->runController(Object(App\Controllers\Dashboard\Pembeli))
 4 SYSTEMPATH/CodeIgniter.php(361): CodeIgniter\CodeIgniter->handleRequest(null, Object(Config\Cache), false)
 5 FCPATH/index.php(79): CodeIgniter\CodeIgniter->run()
INFO - 2024-04-03 09:22:30 --> Session: Class initialized using 'CodeIgniter\Session\Handlers\FileHandler' driver.
CRITICAL - 2024-04-03 09:22:30 --> ErrorException: Undefined offset: 0
in APPPATH/Controllers/Dashboard/Pembeli.php on line 58.
 1 APPPATH/Controllers/Dashboard/Pembeli.php(58): CodeIgniter\Debug\Exceptions->errorHandler(8, 'Undefined offset: 0', '/Applications/AMPPS/www/tiket/app/Controllers/Dashboard/Pembeli.php', 58, [...])
 2 SYSTEMPATH/CodeIgniter.php(941): App\Controllers\Dashboard\Pembeli->tiket_invoice('images', 'fav.jpeg')
 3 SYSTEMPATH/CodeIgniter.php(502): CodeIgniter\CodeIgniter->runController(Object(App\Controllers\Dashboard\Pembeli))
 4 SYSTEMPATH/CodeIgniter.php(361): CodeIgniter\CodeIgniter->handleRequest(null, Object(Config\Cache), false)
 5 FCPATH/index.php(79): CodeIgniter\CodeIgniter->run()
INFO - 2024-04-03 09:22:38 --> Session: Class initialized using 'CodeIgniter\Session\Handlers\FileHandler' driver.
INFO - 2024-04-03 09:22:38 --> Session: Class initialized using 'CodeIgniter\Session\Handlers\FileHandler' driver.
CRITICAL - 2024-04-03 09:22:38 --> ErrorException: Undefined offset: 0
in APPPATH/Controllers/Dashboard/Pembeli.php on line 58.
 1 APPPATH/Controllers/Dashboard/Pembeli.php(58): CodeIgniter\Debug\Exceptions->errorHandler(8, 'Undefined offset: 0', '/Applications/AMPPS/www/tiket/app/Controllers/Dashboard/Pembeli.php', 58, [...])
 2 SYSTEMPATH/CodeIgniter.php(941): App\Controllers\Dashboard\Pembeli->tiket_invoice('images', 'event-imgs', 'big-2.jpg')
 3 SYSTEMPATH/CodeIgniter.php(502): CodeIgniter\CodeIgniter->runController(Object(App\Controllers\Dashboard\Pembeli))
 4 SYSTEMPATH/CodeIgniter.php(361): CodeIgniter\CodeIgniter->handleRequest(null, Object(Config\Cache), false)
 5 FCPATH/index.php(79): CodeIgniter\CodeIgniter->run()
INFO - 2024-04-03 09:22:38 --> Session: Class initialized using 'CodeIgniter\Session\Handlers\FileHandler' driver.
CRITICAL - 2024-04-03 09:22:38 --> ErrorException: Undefined offset: 0
in APPPATH/Controllers/Dashboard/Pembeli.php on line 58.
 1 APPPATH/Controllers/Dashboard/Pembeli.php(58): CodeIgniter\Debug\Exceptions->errorHandler(8, 'Undefined offset: 0', '/Applications/AMPPS/www/tiket/app/Controllers/Dashboard/Pembeli.php', 58, [...])
 2 SYSTEMPATH/CodeIgniter.php(941): App\Controllers\Dashboard\Pembeli->tiket_invoice('images', 'qr.png')
 3 SYSTEMPATH/CodeIgniter.php(502): CodeIgniter\CodeIgniter->runController(Object(App\Controllers\Dashboard\Pembeli))
 4 SYSTEMPATH/CodeIgniter.php(361): CodeIgniter\CodeIgniter->handleRequest(null, Object(Config\Cache), false)
 5 FCPATH/index.php(79): CodeIgniter\CodeIgniter->run()
INFO - 2024-04-03 09:22:39 --> Session: Class initialized using 'CodeIgniter\Session\Handlers\FileHandler' driver.
CRITICAL - 2024-04-03 09:22:39 --> ErrorException: Undefined offset: 0
in APPPATH/Controllers/Dashboard/Pembeli.php on line 58.
 1 APPPATH/Controllers/Dashboard/Pembeli.php(58): CodeIgniter\Debug\Exceptions->errorHandler(8, 'Undefined offset: 0', '/Applications/AMPPS/www/tiket/app/Controllers/Dashboard/Pembeli.php', 58, [...])
 2 SYSTEMPATH/CodeIgniter.php(941): App\Controllers\Dashboard\Pembeli->tiket_invoice('images', 'fav.jpeg')
 3 SYSTEMPATH/CodeIgniter.php(502): CodeIgniter\CodeIgniter->runController(Object(App\Controllers\Dashboard\Pembeli))
 4 SYSTEMPATH/CodeIgniter.php(361): CodeIgniter\CodeIgniter->handleRequest(null, Object(Config\Cache), false)
 5 FCPATH/index.php(79): CodeIgniter\CodeIgniter->run()
INFO - 2024-04-03 09:23:03 --> Session: Class initialized using 'CodeIgniter\Session\Handlers\FileHandler' driver.
INFO - 2024-04-03 09:23:03 --> Session: Class initialized using 'CodeIgniter\Session\Handlers\FileHandler' driver.
CRITICAL - 2024-04-03 09:23:03 --> ErrorException: Undefined offset: 0
in APPPATH/Controllers/Dashboard/Pembeli.php on line 58.
 1 APPPATH/Controllers/Dashboard/Pembeli.php(58): CodeIgniter\Debug\Exceptions->errorHandler(8, 'Undefined offset: 0', '/Applications/AMPPS/www/tiket/app/Controllers/Dashboard/Pembeli.php', 58, [...])
 2 SYSTEMPATH/CodeIgniter.php(941): App\Controllers\Dashboard\Pembeli->tiket_invoice('images', 'qr.png')
 3 SYSTEMPATH/CodeIgniter.php(502): CodeIgniter\CodeIgniter->runController(Object(App\Controllers\Dashboard\Pembeli))
 4 SYSTEMPATH/CodeIgniter.php(361): CodeIgniter\CodeIgniter->handleRequest(null, Object(Config\Cache), false)
 5 FCPATH/index.php(79): CodeIgniter\CodeIgniter->run()
INFO - 2024-04-03 09:23:03 --> Session: Class initialized using 'CodeIgniter\Session\Handlers\FileHandler' driver.
CRITICAL - 2024-04-03 09:23:03 --> ErrorException: Undefined offset: 0
in APPPATH/Controllers/Dashboard/Pembeli.php on line 58.
 1 APPPATH/Controllers/Dashboard/Pembeli.php(58): CodeIgniter\Debug\Exceptions->errorHandler(8, 'Undefined offset: 0', '/Applications/AMPPS/www/tiket/app/Controllers/Dashboard/Pembeli.php', 58, [...])
 2 SYSTEMPATH/CodeIgniter.php(941): App\Controllers\Dashboard\Pembeli->tiket_invoice('images', 'event-imgs', 'big-2.jpg')
 3 SYSTEMPATH/CodeIgniter.php(502): CodeIgniter\CodeIgniter->runController(Object(App\Controllers\Dashboard\Pembeli))
 4 SYSTEMPATH/CodeIgniter.php(361): CodeIgniter\CodeIgniter->handleRequest(null, Object(Config\Cache), false)
 5 FCPATH/index.php(79): CodeIgniter\CodeIgniter->run()
INFO - 2024-04-03 09:23:03 --> Session: Class initialized using 'CodeIgniter\Session\Handlers\FileHandler' driver.
CRITICAL - 2024-04-03 09:23:03 --> ErrorException: Undefined offset: 0
in APPPATH/Controllers/Dashboard/Pembeli.php on line 58.
 1 APPPATH/Controllers/Dashboard/Pembeli.php(58): CodeIgniter\Debug\Exceptions->errorHandler(8, 'Undefined offset: 0', '/Applications/AMPPS/www/tiket/app/Controllers/Dashboard/Pembeli.php', 58, [...])
 2 SYSTEMPATH/CodeIgniter.php(941): App\Controllers\Dashboard\Pembeli->tiket_invoice('images', 'fav.jpeg')
 3 SYSTEMPATH/CodeIgniter.php(502): CodeIgniter\CodeIgniter->runController(Object(App\Controllers\Dashboard\Pembeli))
 4 SYSTEMPATH/CodeIgniter.php(361): CodeIgniter\CodeIgniter->handleRequest(null, Object(Config\Cache), false)
 5 FCPATH/index.php(79): CodeIgniter\CodeIgniter->run()
INFO - 2024-04-03 09:23:23 --> Session: Class initialized using 'CodeIgniter\Session\Handlers\FileHandler' driver.
INFO - 2024-04-03 09:23:24 --> Session: Class initialized using 'CodeIgniter\Session\Handlers\FileHandler' driver.
CRITICAL - 2024-04-03 09:23:24 --> ErrorException: Undefined offset: 0
in APPPATH/Controllers/Dashboard/Pembeli.php on line 58.
 1 APPPATH/Controllers/Dashboard/Pembeli.php(58): CodeIgniter\Debug\Exceptions->errorHandler(8, 'Undefined offset: 0', '/Applications/AMPPS/www/tiket/app/Controllers/Dashboard/Pembeli.php', 58, [...])
 2 SYSTEMPATH/CodeIgniter.php(941): App\Controllers\Dashboard\Pembeli->tiket_invoice('images', 'fav.jpeg')
 3 SYSTEMPATH/CodeIgniter.php(502): CodeIgniter\CodeIgniter->runController(Object(App\Controllers\Dashboard\Pembeli))
 4 SYSTEMPATH/CodeIgniter.php(361): CodeIgniter\CodeIgniter->handleRequest(null, Object(Config\Cache), false)
 5 FCPATH/index.php(79): CodeIgniter\CodeIgniter->run()
INFO - 2024-04-03 09:25:17 --> Session: Class initialized using 'CodeIgniter\Session\Handlers\FileHandler' driver.
INFO - 2024-04-03 09:25:17 --> Session: Class initialized using 'CodeIgniter\Session\Handlers\FileHandler' driver.
CRITICAL - 2024-04-03 09:25:17 --> ErrorException: Undefined offset: 0
in APPPATH/Controllers/Dashboard/Pembeli.php on line 58.
 1 APPPATH/Controllers/Dashboard/Pembeli.php(58): CodeIgniter\Debug\Exceptions->errorHandler(8, 'Undefined offset: 0', '/Applications/AMPPS/www/tiket/app/Controllers/Dashboard/Pembeli.php', 58, [...])
 2 SYSTEMPATH/CodeIgniter.php(941): App\Controllers\Dashboard\Pembeli->tiket_invoice('images', 'fav.jpeg')
 3 SYSTEMPATH/CodeIgniter.php(502): CodeIgniter\CodeIgniter->runController(Object(App\Controllers\Dashboard\Pembeli))
 4 SYSTEMPATH/CodeIgniter.php(361): CodeIgniter\CodeIgniter->handleRequest(null, Object(Config\Cache), false)
 5 FCPATH/index.php(79): CodeIgniter\CodeIgniter->run()
INFO - 2024-04-03 09:25:35 --> Session: Class initialized using 'CodeIgniter\Session\Handlers\FileHandler' driver.
INFO - 2024-04-03 09:25:36 --> Session: Class initialized using 'CodeIgniter\Session\Handlers\FileHandler' driver.
INFO - 2024-04-03 09:25:38 --> Session: Class initialized using 'CodeIgniter\Session\Handlers\FileHandler' driver.
INFO - 2024-04-03 09:25:40 --> Session: Class initialized using 'CodeIgniter\Session\Handlers\FileHandler' driver.
INFO - 2024-04-03 09:25:41 --> Session: Class initialized using 'CodeIgniter\Session\Handlers\FileHandler' driver.
INFO - 2024-04-03 09:25:47 --> Session: Class initialized using 'CodeIgniter\Session\Handlers\FileHandler' driver.
INFO - 2024-04-03 09:25:56 --> Session: Class initialized using 'CodeIgniter\Session\Handlers\FileHandler' driver.
INFO - 2024-04-03 09:25:57 --> Session: Class initialized using 'CodeIgniter\Session\Handlers\FileHandler' driver.
INFO - 2024-04-03 09:25:59 --> Session: Class initialized using 'CodeIgniter\Session\Handlers\FileHandler' driver.
INFO - 2024-04-03 09:26:00 --> Session: Class initialized using 'CodeIgniter\Session\Handlers\FileHandler' driver.
CRITICAL - 2024-04-03 09:26:00 --> ErrorException: Undefined offset: 0
in APPPATH/Controllers/Dashboard/Pembeli.php on line 58.
 1 APPPATH/Controllers/Dashboard/Pembeli.php(58): CodeIgniter\Debug\Exceptions->errorHandler(8, 'Undefined offset: 0', '/Applications/AMPPS/www/tiket/app/Controllers/Dashboard/Pembeli.php', 58, [...])
 2 SYSTEMPATH/CodeIgniter.php(941): App\Controllers\Dashboard\Pembeli->tiket_invoice('images', 'fav.jpeg')
 3 SYSTEMPATH/CodeIgniter.php(502): CodeIgniter\CodeIgniter->runController(Object(App\Controllers\Dashboard\Pembeli))
 4 SYSTEMPATH/CodeIgniter.php(361): CodeIgniter\CodeIgniter->handleRequest(null, Object(Config\Cache), false)
 5 FCPATH/index.php(79): CodeIgniter\CodeIgniter->run()
INFO - 2024-04-03 09:26:01 --> Session: Class initialized using 'CodeIgniter\Session\Handlers\FileHandler' driver.
INFO - 2024-04-03 09:26:23 --> Session: Class initialized using 'CodeIgniter\Session\Handlers\FileHandler' driver.
INFO - 2024-04-03 09:26:24 --> Session: Class initialized using 'CodeIgniter\Session\Handlers\FileHandler' driver.
INFO - 2024-04-03 09:26:26 --> Session: Class initialized using 'CodeIgniter\Session\Handlers\FileHandler' driver.
INFO - 2024-04-03 09:26:28 --> Session: Class initialized using 'CodeIgniter\Session\Handlers\FileHandler' driver.
INFO - 2024-04-03 09:26:34 --> Session: Class initialized using 'CodeIgniter\Session\Handlers\FileHandler' driver.
INFO - 2024-04-03 09:26:34 --> Session: Class initialized using 'CodeIgniter\Session\Handlers\FileHandler' driver.
CRITICAL - 2024-04-03 09:26:34 --> ErrorException: Undefined offset: 0
in APPPATH/Controllers/Dashboard/Pembeli.php on line 58.
 1 APPPATH/Controllers/Dashboard/Pembeli.php(58): CodeIgniter\Debug\Exceptions->errorHandler(8, 'Undefined offset: 0', '/Applications/AMPPS/www/tiket/app/Controllers/Dashboard/Pembeli.php', 58, [...])
 2 SYSTEMPATH/CodeIgniter.php(941): App\Controllers\Dashboard\Pembeli->tiket_invoice('images', 'fav.jpeg')
 3 SYSTEMPATH/CodeIgniter.php(502): CodeIgniter\CodeIgniter->runController(Object(App\Controllers\Dashboard\Pembeli))
 4 SYSTEMPATH/CodeIgniter.php(361): CodeIgniter\CodeIgniter->handleRequest(null, Object(Config\Cache), false)
 5 FCPATH/index.php(79): CodeIgniter\CodeIgniter->run()
INFO - 2024-04-03 09:27:02 --> Session: Class initialized using 'CodeIgniter\Session\Handlers\FileHandler' driver.
INFO - 2024-04-03 09:27:02 --> Session: Class initialized using 'CodeIgniter\Session\Handlers\FileHandler' driver.
CRITICAL - 2024-04-03 09:27:02 --> ErrorException: Undefined offset: 0
in APPPATH/Controllers/Dashboard/Pembeli.php on line 58.
 1 APPPATH/Controllers/Dashboard/Pembeli.php(58): CodeIgniter\Debug\Exceptions->errorHandler(8, 'Undefined offset: 0', '/Applications/AMPPS/www/tiket/app/Controllers/Dashboard/Pembeli.php', 58, [...])
 2 SYSTEMPATH/CodeIgniter.php(941): App\Controllers\Dashboard\Pembeli->tiket_invoice('images', 'fav.jpeg')
 3 SYSTEMPATH/CodeIgniter.php(502): CodeIgniter\CodeIgniter->runController(Object(App\Controllers\Dashboard\Pembeli))
 4 SYSTEMPATH/CodeIgniter.php(361): CodeIgniter\CodeIgniter->handleRequest(null, Object(Config\Cache), false)
 5 FCPATH/index.php(79): CodeIgniter\CodeIgniter->run()
INFO - 2024-04-03 09:27:16 --> Session: Class initialized using 'CodeIgniter\Session\Handlers\FileHandler' driver.
CRITICAL - 2024-04-03 09:27:16 --> ErrorException: Undefined offset: 0
in APPPATH/Controllers/Dashboard/Pembeli.php on line 58.
 1 APPPATH/Controllers/Dashboard/Pembeli.php(58): CodeIgniter\Debug\Exceptions->errorHandler(8, 'Undefined offset: 0', '/Applications/AMPPS/www/tiket/app/Controllers/Dashboard/Pembeli.php', 58, [...])
 2 SYSTEMPATH/CodeIgniter.php(941): App\Controllers\Dashboard\Pembeli->tiket_invoice('index.html')
 3 SYSTEMPATH/CodeIgniter.php(502): CodeIgniter\CodeIgniter->runController(Object(App\Controllers\Dashboard\Pembeli))
 4 SYSTEMPATH/CodeIgniter.php(361): CodeIgniter\CodeIgniter->handleRequest(null, Object(Config\Cache), false)
 5 FCPATH/index.php(79): CodeIgniter\CodeIgniter->run()
INFO - 2024-04-03 09:27:19 --> Session: Class initialized using 'CodeIgniter\Session\Handlers\FileHandler' driver.
INFO - 2024-04-03 09:27:19 --> Session: Class initialized using 'CodeIgniter\Session\Handlers\FileHandler' driver.
CRITICAL - 2024-04-03 09:27:19 --> ErrorException: Undefined offset: 0
in APPPATH/Controllers/Dashboard/Pembeli.php on line 58.
 1 APPPATH/Controllers/Dashboard/Pembeli.php(58): CodeIgniter\Debug\Exceptions->errorHandler(8, 'Undefined offset: 0', '/Applications/AMPPS/www/tiket/app/Controllers/Dashboard/Pembeli.php', 58, [...])
 2 SYSTEMPATH/CodeIgniter.php(941): App\Controllers\Dashboard\Pembeli->tiket_invoice('images', 'fav.jpeg')
 3 SYSTEMPATH/CodeIgniter.php(502): CodeIgniter\CodeIgniter->runController(Object(App\Controllers\Dashboard\Pembeli))
 4 SYSTEMPATH/CodeIgniter.php(361): CodeIgniter\CodeIgniter->handleRequest(null, Object(Config\Cache), false)
 5 FCPATH/index.php(79): CodeIgniter\CodeIgniter->run()
INFO - 2024-04-03 09:27:43 --> Session: Class initialized using 'CodeIgniter\Session\Handlers\FileHandler' driver.
INFO - 2024-04-03 09:27:44 --> Session: Class initialized using 'CodeIgniter\Session\Handlers\FileHandler' driver.
CRITICAL - 2024-04-03 09:27:44 --> ErrorException: Undefined offset: 0
in APPPATH/Controllers/Dashboard/Pembeli.php on line 58.
 1 APPPATH/Controllers/Dashboard/Pembeli.php(58): CodeIgniter\Debug\Exceptions->errorHandler(8, 'Undefined offset: 0', '/Applications/AMPPS/www/tiket/app/Controllers/Dashboard/Pembeli.php', 58, [...])
 2 SYSTEMPATH/CodeIgniter.php(941): App\Controllers\Dashboard\Pembeli->tiket_invoice('images', 'fav.jpeg')
 3 SYSTEMPATH/CodeIgniter.php(502): CodeIgniter\CodeIgniter->runController(Object(App\Controllers\Dashboard\Pembeli))
 4 SYSTEMPATH/CodeIgniter.php(361): CodeIgniter\CodeIgniter->handleRequest(null, Object(Config\Cache), false)
 5 FCPATH/index.php(79): CodeIgniter\CodeIgniter->run()
INFO - 2024-04-03 09:27:46 --> Session: Class initialized using 'CodeIgniter\Session\Handlers\FileHandler' driver.
INFO - 2024-04-03 09:27:48 --> Session: Class initialized using 'CodeIgniter\Session\Handlers\FileHandler' driver.
INFO - 2024-04-03 09:27:51 --> Session: Class initialized using 'CodeIgniter\Session\Handlers\FileHandler' driver.
INFO - 2024-04-03 09:27:53 --> Session: Class initialized using 'CodeIgniter\Session\Handlers\FileHandler' driver.
INFO - 2024-04-03 09:27:53 --> Session: Class initialized using 'CodeIgniter\Session\Handlers\FileHandler' driver.
INFO - 2024-04-03 09:27:55 --> Session: Class initialized using 'CodeIgniter\Session\Handlers\FileHandler' driver.
INFO - 2024-04-03 09:27:57 --> Session: Class initialized using 'CodeIgniter\Session\Handlers\FileHandler' driver.
INFO - 2024-04-03 09:27:59 --> Session: Class initialized using 'CodeIgniter\Session\Handlers\FileHandler' driver.
INFO - 2024-04-03 12:43:54 --> Session: Class initialized using 'CodeIgniter\Session\Handlers\FileHandler' driver.
INFO - 2024-04-03 12:43:57 --> Session: Class initialized using 'CodeIgniter\Session\Handlers\FileHandler' driver.
INFO - 2024-04-03 12:43:59 --> Session: Class initialized using 'CodeIgniter\Session\Handlers\FileHandler' driver.
INFO - 2024-04-03 12:44:00 --> Session: Class initialized using 'CodeIgniter\Session\Handlers\FileHandler' driver.
INFO - 2024-04-03 12:44:01 --> Session: Class initialized using 'CodeIgniter\Session\Handlers\FileHandler' driver.
INFO - 2024-04-03 13:14:16 --> Session: Class initialized using 'CodeIgniter\Session\Handlers\FileHandler' driver.
INFO - 2024-04-03 13:15:25 --> Session: Class initialized using 'CodeIgniter\Session\Handlers\FileHandler' driver.
INFO - 2024-04-03 13:15:58 --> Session: Class initialized using 'CodeIgniter\Session\Handlers\FileHandler' driver.
INFO - 2024-04-03 13:16:09 --> Session: Class initialized using 'CodeIgniter\Session\Handlers\FileHandler' driver.
INFO - 2024-04-03 13:17:43 --> Session: Class initialized using 'CodeIgniter\Session\Handlers\FileHandler' driver.
INFO - 2024-04-03 13:20:30 --> Session: Class initialized using 'CodeIgniter\Session\Handlers\FileHandler' driver.
INFO - 2024-04-03 13:20:36 --> Session: Class initialized using 'CodeIgniter\Session\Handlers\FileHandler' driver.
INFO - 2024-04-03 13:20:38 --> Session: Class initialized using 'CodeIgniter\Session\Handlers\FileHandler' driver.
INFO - 2024-04-03 13:20:39 --> Session: Class initialized using 'CodeIgniter\Session\Handlers\FileHandler' driver.
INFO - 2024-04-03 13:26:34 --> Session: Class initialized using 'CodeIgniter\Session\Handlers\FileHandler' driver.
INFO - 2024-04-03 13:26:43 --> Session: Class initialized using 'CodeIgniter\Session\Handlers\FileHandler' driver.
INFO - 2024-04-03 13:27:13 --> Session: Class initialized using 'CodeIgniter\Session\Handlers\FileHandler' driver.
INFO - 2024-04-03 13:27:13 --> Session: Class initialized using 'CodeIgniter\Session\Handlers\FileHandler' driver.
INFO - 2024-04-03 13:27:26 --> Session: Class initialized using 'CodeIgniter\Session\Handlers\FileHandler' driver.
INFO - 2024-04-03 13:27:26 --> Session: Class initialized using 'CodeIgniter\Session\Handlers\FileHandler' driver.
INFO - 2024-04-03 13:27:28 --> Session: Class initialized using 'CodeIgniter\Session\Handlers\FileHandler' driver.
INFO - 2024-04-03 13:27:32 --> Session: Class initialized using 'CodeIgniter\Session\Handlers\FileHandler' driver.
INFO - 2024-04-03 13:27:34 --> Session: Class initialized using 'CodeIgniter\Session\Handlers\FileHandler' driver.
INFO - 2024-04-03 13:28:15 --> Session: Class initialized using 'CodeIgniter\Session\Handlers\FileHandler' driver.
INFO - 2024-04-03 13:28:30 --> Session: Class initialized using 'CodeIgniter\Session\Handlers\FileHandler' driver.
INFO - 2024-04-03 13:28:31 --> Session: Class initialized using 'CodeIgniter\Session\Handlers\FileHandler' driver.
INFO - 2024-04-03 13:28:54 --> Session: Class initialized using 'CodeIgniter\Session\Handlers\FileHandler' driver.
INFO - 2024-04-03 13:29:10 --> Session: Class initialized using 'CodeIgniter\Session\Handlers\FileHandler' driver.
INFO - 2024-04-03 13:29:15 --> Session: Class initialized using 'CodeIgniter\Session\Handlers\FileHandler' driver.
INFO - 2024-04-03 13:29:16 --> Session: Class initialized using 'CodeIgniter\Session\Handlers\FileHandler' driver.
CRITICAL - 2024-04-03 13:29:16 --> ErrorException: Undefined offset: 0
in APPPATH/Controllers/Dashboard/Pembeli.php on line 58.
 1 APPPATH/Controllers/Dashboard/Pembeli.php(58): CodeIgniter\Debug\Exceptions->errorHandler(8, 'Undefined offset: 0', '/Applications/AMPPS/www/tiket/app/Controllers/Dashboard/Pembeli.php', 58, [...])
 2 SYSTEMPATH/CodeIgniter.php(941): App\Controllers\Dashboard\Pembeli->tiket_invoice('images', 'fav.jpeg')
 3 SYSTEMPATH/CodeIgniter.php(502): CodeIgniter\CodeIgniter->runController(Object(App\Controllers\Dashboard\Pembeli))
 4 SYSTEMPATH/CodeIgniter.php(361): CodeIgniter\CodeIgniter->handleRequest(null, Object(Config\Cache), false)
 5 FCPATH/index.php(79): CodeIgniter\CodeIgniter->run()
INFO - 2024-04-03 13:29:32 --> Session: Class initialized using 'CodeIgniter\Session\Handlers\FileHandler' driver.
INFO - 2024-04-03 13:29:33 --> Session: Class initialized using 'CodeIgniter\Session\Handlers\FileHandler' driver.
INFO - 2024-04-03 13:32:31 --> Session: Class initialized using 'CodeIgniter\Session\Handlers\FileHandler' driver.
INFO - 2024-04-03 13:44:00 --> Session: Class initialized using 'CodeIgniter\Session\Handlers\FileHandler' driver.
INFO - 2024-04-03 13:44:02 --> Session: Class initialized using 'CodeIgniter\Session\Handlers\FileHandler' driver.
INFO - 2024-04-03 13:45:26 --> Session: Class initialized using 'CodeIgniter\Session\Handlers\FileHandler' driver.
INFO - 2024-04-03 13:45:27 --> Session: Class initialized using 'CodeIgniter\Session\Handlers\FileHandler' driver.
INFO - 2024-04-03 13:45:29 --> Session: Class initialized using 'CodeIgniter\Session\Handlers\FileHandler' driver.
INFO - 2024-04-03 13:45:30 --> Session: Class initialized using 'CodeIgniter\Session\Handlers\FileHandler' driver.
INFO - 2024-04-03 13:45:32 --> Session: Class initialized using 'CodeIgniter\Session\Handlers\FileHandler' driver.
INFO - 2024-04-03 13:45:34 --> Session: Class initialized using 'CodeIgniter\Session\Handlers\FileHandler' driver.
INFO - 2024-04-03 13:45:37 --> Session: Class initialized using 'CodeIgniter\Session\Handlers\FileHandler' driver.
INFO - 2024-04-03 13:45:40 --> Session: Class initialized using 'CodeIgniter\Session\Handlers\FileHandler' driver.
INFO - 2024-04-03 13:45:45 --> Session: Class initialized using 'CodeIgniter\Session\Handlers\FileHandler' driver.
INFO - 2024-04-03 13:45:46 --> Session: Class initialized using 'CodeIgniter\Session\Handlers\FileHandler' driver.
INFO - 2024-04-03 13:45:50 --> Session: Class initialized using 'CodeIgniter\Session\Handlers\FileHandler' driver.
